0 info it worked if it ends with ok
1 verbose cli [ '/home/ubuntu/.nvm/v0.10.35/bin/node',
1 verbose cli   '/home/ubuntu/.nvm/v0.10.35/bin/npm',
1 verbose cli   'install',
1 verbose cli   'ngRoute',
1 verbose cli   '--save' ]
2 info using npm@1.4.28
3 info using node@v0.10.35
4 verbose readDependencies using package.json deps
5 verbose cache add [ 'ngRoute', null ]
6 verbose cache add name=undefined spec="ngRoute" args=["ngRoute",null]
7 verbose parsed url { protocol: null,
7 verbose parsed url   slashes: null,
7 verbose parsed url   auth: null,
7 verbose parsed url   host: null,
7 verbose parsed url   port: null,
7 verbose parsed url   hostname: null,
7 verbose parsed url   hash: null,
7 verbose parsed url   search: null,
7 verbose parsed url   query: null,
7 verbose parsed url   pathname: 'ngRoute',
7 verbose parsed url   path: 'ngRoute',
7 verbose parsed url   href: 'ngRoute' }
8 silly lockFile dbd4fa39-ngRoute ngRoute
9 verbose lock ngRoute /home/ubuntu/.npm/dbd4fa39-ngRoute.lock
10 silly lockFile dbd4fa39-ngRoute ngRoute
11 silly lockFile dbd4fa39-ngRoute ngRoute
12 verbose addNamed [ 'ngRoute', '' ]
13 verbose addNamed [ null, '*' ]
14 silly lockFile c7fabb91-ngRoute ngRoute@
15 verbose lock ngRoute@ /home/ubuntu/.npm/c7fabb91-ngRoute.lock
16 silly addNameRange { name: 'ngRoute', range: '*', hasData: false }
17 verbose request where is /ngRoute
18 verbose request registry http://registry.npmjs.org/
19 verbose request id 16424ccdd14d6f1d
20 verbose url raw /ngRoute
21 verbose url resolving [ 'http://registry.npmjs.org/', './ngRoute' ]
22 verbose url resolved http://registry.npmjs.org/ngRoute
23 verbose request where is http://registry.npmjs.org/ngRoute
24 info trying registry request attempt 1 at 11:31:57
25 http GET http://registry.npmjs.org/ngRoute
26 http 404 http://registry.npmjs.org/ngRoute
27 verbose headers { server: 'CouchDB/1.5.0 (Erlang OTP/R16B03)',
27 verbose headers   'content-type': 'application/json',
27 verbose headers   'cache-control': 'max-age=0',
27 verbose headers   'content-length': '51',
27 verbose headers   'accept-ranges': 'bytes',
27 verbose headers   date: 'Thu, 23 Jul 2015 11:31:57 GMT',
27 verbose headers   via: '1.1 varnish',
27 verbose headers   age: '0',
27 verbose headers   connection: 'keep-alive',
27 verbose headers   'x-served-by': 'cache-ord1730-ORD',
27 verbose headers   'x-cache': 'MISS',
27 verbose headers   'x-cache-hits': '0',
27 verbose headers   'x-timer': 'S1437651117.699177,VS0,VE156' }
28 silly registry.get cb [ 404,
28 silly registry.get   { server: 'CouchDB/1.5.0 (Erlang OTP/R16B03)',
28 silly registry.get     'content-type': 'application/json',
28 silly registry.get     'cache-control': 'max-age=0',
28 silly registry.get     'content-length': '51',
28 silly registry.get     'accept-ranges': 'bytes',
28 silly registry.get     date: 'Thu, 23 Jul 2015 11:31:57 GMT',
28 silly registry.get     via: '1.1 varnish',
28 silly registry.get     age: '0',
28 silly registry.get     connection: 'keep-alive',
28 silly registry.get     'x-served-by': 'cache-ord1730-ORD',
28 silly registry.get     'x-cache': 'MISS',
28 silly registry.get     'x-cache-hits': '0',
28 silly registry.get     'x-timer': 'S1437651117.699177,VS0,VE156' } ]
29 silly lockFile c7fabb91-ngRoute ngRoute@
30 silly lockFile c7fabb91-ngRoute ngRoute@
31 error 404 404 Not Found: ngRoute
31 error 404
31 error 404 'ngRoute' is not in the npm registry.
31 error 404 You should bug the author to publish it
31 error 404 It was specified as a dependency of 'workspace'
31 error 404
31 error 404 Note that you can also install from a
31 error 404 tarball, folder, or http url, or git url.
32 error System Linux 3.14.13-c9
33 error command "/home/ubuntu/.nvm/v0.10.35/bin/node" "/home/ubuntu/.nvm/v0.10.35/bin/npm" "install" "ngRoute" "--save"
34 error cwd /home/ubuntu/workspace
35 error node -v v0.10.35
36 error npm -v 1.4.28
37 error code E404
38 verbose exit [ 1, true ]
